<?xml version="1.0" encoding="UTF-8"?>
<testng-results ignored="0" total="2" passed="2" failed="0" skipped="0">
  <reporter-output>
  </reporter-output>
  <suite started-at="2025-02-17T16:06:21 IST" name="Default suite" finished-at="2025-02-17T16:07:29 IST" duration-ms="67770">
    <groups>
    </groups>
    <test started-at="2025-02-17T16:06:21 IST" name="Default test" finished-at="2025-02-17T16:07:29 IST" duration-ms="67770">
      <class name="com.Tests.BatchListPageTest">
        <test-method is-config="true" signature="setUp()[pri:0, instance:com.Tests.BatchListPageTest@4cc451f2]" started-at="2025-02-17T16:06:21 IST" name="setUp" finished-at="2025-02-17T16:06:38 IST" duration-ms="16975" status="PASS">
          <reporter-output>
          </reporter-output>
        </test-method> <!-- setUp -->
        <test-method signature="verifyBatchCount()[pri:0, instance:com.Tests.BatchListPageTest@4cc451f2]" started-at="2025-02-17T16:06:38 IST" name="verifyBatchCount" finished-at="2025-02-17T16:07:05 IST" duration-ms="26905" status="PASS">
          <reporter-output>
          </reporter-output>
        </test-method> <!-- verifyBatchCount -->
        <test-method signature="verifyBatchListPageLoads()[pri:0, instance:com.Tests.BatchListPageTest@4cc451f2]" started-at="2025-02-17T16:07:05 IST" name="verifyBatchListPageLoads" finished-at="2025-02-17T16:07:28 IST" duration-ms="22446" status="PASS">
          <reporter-output>
          </reporter-output>
        </test-method> <!-- verifyBatchListPageLoads -->
        <test-method is-config="true" signature="tearDown()[pri:0, instance:com.Tests.BatchListPageTest@4cc451f2]" started-at="2025-02-17T16:07:28 IST" name="tearDown" finished-at="2025-02-17T16:07:29 IST" duration-ms="1104" status="PASS">
          <reporter-output>
          </reporter-output>
        </test-method> <!-- tearDown -->
      </class> <!-- com.Tests.BatchListPageTest -->
    </test> <!-- Default test -->
  </suite> <!-- Default suite -->
</testng-results>
